<?xml version="1.0" encoding="UTF-8"?>
<!-- Generated by org.testng.reporters.JUnitReportReporter -->
<testsuite skipped="0" hostname="DESKTOP-TBQOJQQ" name="module6.FirstTestNG" tests="1" failures="0" timestamp="18 Mar 2019 03:00:06 GMT" time="12.689" errors="0">
  <testcase name="Login" time="12.689" classname="module6.FirstTestNG"/>
</testsuite> <!-- module6.FirstTestNG -->
