<?xml version="1.0" encoding="UTF-8"?>
<!-- Generated by org.testng.reporters.JUnitReportReporter -->
<testsuite skipped="0" hostname="DESKTOP-TBQOJQQ" name="module7.GridExampleTest" tests="2" failures="0" timestamp="25 Mar 2019 02:22:24 GMT" time="11.963" errors="0">
  <testcase name="testGooglePageTitle" time="5.424" classname="module7.GridExampleTest"/>
  <testcase name="testGooglePageTitle" time="6.539" classname="module7.GridExampleTest"/>
</testsuite> <!-- module7.GridExampleTest -->
