<?xml version="1.0" encoding="UTF-8"?>
<!-- Generated by org.testng.reporters.JUnitReportReporter -->
<testsuite skipped="0" hostname="DESKTOP-TBQOJQQ" name="module6.Grouping" tests="4" failures="0" timestamp="19 Mar 2019 02:14:24 GMT" time="0.021" errors="0">
  <testcase name="TC9" time="0.003" classname="module6.Grouping"/>
  <testcase name="TC1" time="0.013" classname="module6.Grouping"/>
  <testcase name="TC4" time="0.004" classname="module6.Grouping"/>
  <testcase name="TC7" time="0.001" classname="module6.Grouping"/>
</testsuite> <!-- module6.Grouping -->
