<?xml version="1.0" encoding="UTF-8"?>
<!-- Generated by org.testng.reporters.JUnitReportReporter -->
<testsuite skipped="0" hostname="DESKTOP-TBQOJQQ" name="module6.Sequencing" tests="5" failures="0" timestamp="18 Mar 2019 03:13:32 GMT" time="0.030" errors="0">
  <testcase name="Tavish" time="0.002" classname="module6.Sequencing"/>
  <testcase name="Kalaivani" time="0.004" classname="module6.Sequencing"/>
  <testcase name="Shifali" time="0.001" classname="module6.Sequencing"/>
  <testcase name="Jacob" time="0.018" classname="module6.Sequencing"/>
  <testcase name="Namrata" time="0.005" classname="module6.Sequencing"/>
</testsuite> <!-- module6.Sequencing -->
