<?xml version="1.0" encoding="UTF-8"?>
<!-- Generated by org.testng.reporters.JUnitReportReporter -->
<testsuite skipped="2" hostname="DESKTOP-TBQOJQQ" name="module6.DisableEnable" tests="5" failures="0" timestamp="19 Mar 2019 01:54:49 GMT" time="0.027" errors="0">
  <testcase name="Paul" time="0.019" classname="module6.DisableEnable"/>
  <testcase name="Ajay" time="0.003" classname="module6.DisableEnable"/>
  <testcase name="Aslan" time="0.005" classname="module6.DisableEnable"/>
  <testcase name="Nikendra" classname="module6.DisableEnable">
    <skipped/>
  </testcase> <!-- Nikendra -->
  <testcase name="Soni" classname="module6.DisableEnable">
    <skipped/>
  </testcase> <!-- Soni -->
</testsuite> <!-- module6.DisableEnable -->
