<?xml version="1.0" encoding="UTF-8"?>
<!-- Generated by org.testng.reporters.JUnitReportReporter -->
<testsuite skipped="0" hostname="DESKTOP-TBQOJQQ" name="module6.Annotations" tests="1" failures="0" timestamp="18 Mar 2019 02:40:38 GMT" time="0.026" errors="0">
  <testcase name="Test" time="0.026" classname="module6.Annotations"/>
</testsuite> <!-- module6.Annotations -->
