<?xml version="1.0" encoding="UTF-8"?>
<!-- Generated by org.testng.reporters.JUnitReportReporter -->
<testsuite skipped="0" hostname="DESKTOP-TBQOJQQ" name="module6.Dependency" tests="3" failures="0" timestamp="18 Mar 2019 03:37:25 GMT" time="23.542" errors="0">
  <testcase name="Login" time="8.347" classname="module6.Dependency"/>
  <testcase name="OpenApp" time="9.801" classname="module6.Dependency"/>
  <testcase name="Logout" time="5.394" classname="module6.Dependency"/>
</testsuite> <!-- module6.Dependency -->
